<?xml version="1.0" encoding="utf-8"?><testsuites name="pytest tests"><testsuite name="pytest" errors="0" failures="0" skipped="0" tests="11" time="2.087" timestamp="2026-02-24T14:40:35.404074+00:00" hostname="agent-env-2834a2fc-cd58-452a-be26-d9556493765e"><testcase classname="backend.tests.test_properties_api.TestHealthCheck" name="test_api_root" time="0.257" /><testcase classname="backend.tests.test_properties_api.TestPropertiesAPI" name="test_list_properties_returns_empty_or_list" time="0.229" /><testcase classname="backend.tests.test_properties_api.TestPropertiesAPI" name="test_get_nonexistent_property_returns_404" time="0.143" /><testcase classname="backend.tests.test_properties_api.TestApplicationAPI" name="test_start_application_valid_email" time="0.160" /><testcase classname="backend.tests.test_properties_api.TestApplicationAPI" name="test_start_application_missing_email" time="0.159" /><testcase classname="backend.tests.test_properties_api.TestApplicationAPI" name="test_resume_application_invalid_code" time="0.125" /><testcase classname="backend.tests.test_properties_api.TestApplicationAPI" name="test_save_application_progress" time="0.312" /><testcase classname="backend.tests.test_properties_api.TestAuthAPI" name="test_auth_me_unauthenticated" time="0.159" /><testcase classname="backend.tests.test_properties_api.TestAuthAPI" name="test_logout_unauthenticated" time="0.132" /><testcase classname="backend.tests.test_properties_api.TestAdminEndpoints" name="test_list_applications_requires_auth" time="0.146" /><testcase classname="backend.tests.test_properties_api.TestAdminEndpoints" name="test_get_application_requires_auth" time="0.153" /></testsuite></testsuites>