<?xml version="1.0" encoding="utf-8"?><testsuites name="pytest tests"><testsuite name="pytest" errors="0" failures="0" skipped="0" tests="21" time="13.418" timestamp="2026-02-25T11:21:05.078890+00:00" hostname="agent-env-8b25d348-6cd4-4692-b93a-952c4d682418"><testcase classname="backend.tests.test_interests_favorites.TestInterestsAndFavoritesSetup" name="test_api_root" time="0.258" /><testcase classname="backend.tests.test_interests_favorites.TestInterestsAndFavoritesSetup" name="test_admin_login" time="0.356" /><testcase classname="backend.tests.test_interests_favorites.TestInterestsAndFavoritesSetup" name="test_member_login" time="0.326" /><testcase classname="backend.tests.test_interests_favorites.TestExpressInterest" name="test_express_interest_requires_auth" time="0.105" /><testcase classname="backend.tests.test_interests_favorites.TestExpressInterest" name="test_express_interest_invalid_property" time="0.466" /><testcase classname="backend.tests.test_interests_favorites.TestExpressInterest" name="test_express_interest_success" time="1.274" /><testcase classname="backend.tests.test_interests_favorites.TestExpressInterest" name="test_express_interest_duplicate_rejected" time="1.304" /><testcase classname="backend.tests.test_interests_favorites.TestExpressInterest" name="test_get_interests_requires_admin" time="0.437" /><testcase classname="backend.tests.test_interests_favorites.TestExpressInterest" name="test_get_interests_admin" time="0.487" /><testcase classname="backend.tests.test_interests_favorites.TestExpressInterest" name="test_get_my_interests" time="0.452" /><testcase classname="backend.tests.test_interests_favorites.TestExpressInterest" name="test_update_interest_status_admin" time="0.533" /><testcase classname="backend.tests.test_interests_favorites.TestFavorites" name="test_add_favorite_requires_auth" time="0.095" /><testcase classname="backend.tests.test_interests_favorites.TestFavorites" name="test_add_property_favorite" time="0.968" /><testcase classname="backend.tests.test_interests_favorites.TestFavorites" name="test_add_member_favorite" time="0.873" /><testcase classname="backend.tests.test_interests_favorites.TestFavorites" name="test_add_duplicate_favorite" time="1.074" /><testcase classname="backend.tests.test_interests_favorites.TestFavorites" name="test_get_favorites" time="0.435" /><testcase classname="backend.tests.test_interests_favorites.TestFavorites" name="test_get_favorites_with_filter" time="0.442" /><testcase classname="backend.tests.test_interests_favorites.TestFavorites" name="test_get_favorites_enriched_data" time="1.107" /><testcase classname="backend.tests.test_interests_favorites.TestFavorites" name="test_delete_favorite" time="1.441" /><testcase classname="backend.tests.test_interests_favorites.TestFavorites" name="test_delete_nonexistent_favorite" time="0.453" /><testcase classname="backend.tests.test_interests_favorites.TestCleanup" name="test_cleanup_test_properties" time="0.443" /></testsuite></testsuites>