<?xml version="1.0" encoding="utf-8"?><testsuites name="pytest tests"><testsuite name="pytest" errors="0" failures="0" skipped="0" tests="15" time="5.741" timestamp="2026-02-27T11:02:07.574076+00:00" hostname="agent-env-ba266ea2-c3d0-4448-9c88-993f4202e3ff"><testcase classname="backend.tests.test_groups.TestPropertyCodes" name="test_properties_have_property_code" time="0.216" /><testcase classname="backend.tests.test_groups.TestGroupsBackend" name="test_list_groups_requires_auth" time="0.119" /><testcase classname="backend.tests.test_groups.TestGroupsBackend" name="test_list_all_groups" time="0.462" /><testcase classname="backend.tests.test_groups.TestGroupsBackend" name="test_list_groups_for_property" time="0.230" /><testcase classname="backend.tests.test_groups.TestGroupsBackend" name="test_create_group_requires_property_id" time="0.099" /><testcase classname="backend.tests.test_groups.TestGroupsBackend" name="test_create_group_for_property" time="0.208" /><testcase classname="backend.tests.test_groups.TestGroupsBackend" name="test_create_group_generates_name" time="0.313" /><testcase classname="backend.tests.test_groups.TestGroupsBackend" name="test_get_group_details" time="0.224" /><testcase classname="backend.tests.test_groups.TestGroupJoinLeave" name="test_join_group" time="1.080" /><testcase classname="backend.tests.test_groups.TestGroupJoinLeave" name="test_leave_group" time="0.540" /><testcase classname="backend.tests.test_groups.TestGroupJoinLeave" name="test_already_member_join" time="0.220" /><testcase classname="backend.tests.test_groups.TestGroupDelete" name="test_delete_group_by_creator" time="0.629" /><testcase classname="backend.tests.test_groups.TestGroupDelete" name="test_delete_group_by_non_creator_fails" time="0.809" /><testcase classname="backend.tests.test_groups.TestWaitlistFunctionality" name="test_group_shows_waitlist_count" time="0.429" /><testcase classname="backend.tests.test_groups.TestWaitlistFunctionality" name="test_group_shows_spots_available" time="0.107" /></testsuite></testsuites>