<?xml version="1.0" encoding="utf-8"?><testsuites name="pytest tests"><testsuite name="pytest" errors="0" failures="0" skipped="0" tests="19" time="7.760" timestamp="2026-02-25T10:46:54.476322+00:00" hostname="agent-env-8b25d348-6cd4-4692-b93a-952c4d682418"><testcase classname="backend.tests.test_auth_flows.TestAuthBasics" name="test_api_root" time="0.128" /><testcase classname="backend.tests.test_auth_flows.TestAuthBasics" name="test_admin_login_success" time="0.331" /><testcase classname="backend.tests.test_auth_flows.TestAuthBasics" name="test_login_invalid_credentials" time="0.330" /><testcase classname="backend.tests.test_auth_flows.TestAuthBasics" name="test_login_nonexistent_email" time="0.102" /><testcase classname="backend.tests.test_auth_flows.TestRegistrationWithApprovedApplication" name="test_register_without_approved_application" time="0.099" /><testcase classname="backend.tests.test_auth_flows.TestRegistrationWithApprovedApplication" name="test_register_with_invalid_email_format" time="0.136" /><testcase classname="backend.tests.test_auth_flows.TestRegistrationWithApprovedApplication" name="test_existing_user_cannot_register_again" time="0.121" /><testcase classname="backend.tests.test_auth_flows.TestForgotPasswordFlow" name="test_forgot_password_existing_user" time="0.355" /><testcase classname="backend.tests.test_auth_flows.TestForgotPasswordFlow" name="test_forgot_password_nonexistent_user" time="0.099" /><testcase classname="backend.tests.test_auth_flows.TestForgotPasswordFlow" name="test_forgot_password_invalid_email_format" time="0.101" /><testcase classname="backend.tests.test_auth_flows.TestResetPasswordFlow" name="test_reset_password_invalid_token" time="0.103" /><testcase classname="backend.tests.test_auth_flows.TestResetPasswordFlow" name="test_reset_password_short_password" time="0.118" /><testcase classname="backend.tests.test_auth_flows.TestChangePasswordFlow" name="test_change_password_without_auth" time="0.097" /><testcase classname="backend.tests.test_auth_flows.TestChangePasswordFlow" name="test_change_password_wrong_current_password" time="0.660" /><testcase classname="backend.tests.test_auth_flows.TestChangePasswordFlow" name="test_change_password_short_new_password" time="0.429" /><testcase classname="backend.tests.test_auth_flows.TestChangePasswordFlow" name="test_change_password_success_and_revert" time="1.817" /><testcase classname="backend.tests.test_auth_flows.TestApplicationApprovalAndRegistration" name="test_full_registration_flow" time="2.096" /><testcase classname="backend.tests.test_auth_flows.TestAuthMeEndpoint" name="test_auth_me_without_token" time="0.113" /><testcase classname="backend.tests.test_auth_flows.TestAuthMeEndpoint" name="test_auth_me_with_valid_token" time="0.440" /></testsuite></testsuites>