<?xml version="1.0" encoding="utf-8"?><testsuites name="pytest tests"><testsuite name="pytest" errors="0" failures="0" skipped="0" tests="18" time="2.661" timestamp="2026-02-27T13:02:03.544644+00:00" hostname="agent-env-ba266ea2-c3d0-4448-9c88-993f4202e3ff"><testcase classname="backend.tests.test_profile_notifications_groupapps.TestUserProfileGetMe" name="test_auth_me_returns_username" time="0.572" /><testcase classname="backend.tests.test_profile_notifications_groupapps.TestUserProfileGetMe" name="test_auth_me_returns_display_name" time="0.059" /><testcase classname="backend.tests.test_profile_notifications_groupapps.TestUserProfileGetMe" name="test_auth_me_returns_avatar_url" time="0.061" /><testcase classname="backend.tests.test_profile_notifications_groupapps.TestUserProfileGetMe" name="test_auth_me_returns_notification_prefs" time="0.056" /><testcase classname="backend.tests.test_profile_notifications_groupapps.TestUserProfileUpdate" name="test_update_display_name" time="0.108" /><testcase classname="backend.tests.test_profile_notifications_groupapps.TestUserProfileUpdate" name="test_update_notification_prefs" time="0.064" /><testcase classname="backend.tests.test_profile_notifications_groupapps.TestUserProfileUpdate" name="test_update_profile_unauthenticated_fails" time="0.110" /><testcase classname="backend.tests.test_profile_notifications_groupapps.TestNotificationsAPI" name="test_get_notifications" time="0.068" /><testcase classname="backend.tests.test_profile_notifications_groupapps.TestNotificationsAPI" name="test_get_unread_count" time="0.066" /><testcase classname="backend.tests.test_profile_notifications_groupapps.TestNotificationsAPI" name="test_mark_all_read" time="0.115" /><testcase classname="backend.tests.test_profile_notifications_groupapps.TestNotificationsAPI" name="test_notifications_unauthenticated_fails" time="0.104" /><testcase classname="backend.tests.test_profile_notifications_groupapps.TestGroupApplicationAPI" name="test_get_group_applications_admin" time="0.061" /><testcase classname="backend.tests.test_profile_notifications_groupapps.TestGroupApplicationAPI" name="test_get_my_group_applications" time="0.056" /><testcase classname="backend.tests.test_profile_notifications_groupapps.TestGroupApplicationAPI" name="test_get_group_applications_unauthenticated_fails" time="0.048" /><testcase classname="backend.tests.test_profile_notifications_groupapps.TestGroupApplicationAPI" name="test_create_group_application_flow" time="0.239" /><testcase classname="backend.tests.test_profile_notifications_groupapps.TestGroupApplicationStatusUpdate" name="test_update_group_application_status" time="0.619" /><testcase classname="backend.tests.test_profile_notifications_groupapps.TestGroupApplicationStatusUpdate" name="test_invalid_status_rejected" time="0.112" /><testcase classname="backend.tests.test_profile_notifications_groupapps.TestAvatarUpload" name="test_avatar_endpoint_exists" time="0.071" /></testsuite></testsuites>