<?xml version="1.0" encoding="utf-8"?><testsuites name="pytest tests"><testsuite name="pytest" errors="0" failures="0" skipped="0" tests="14" time="1.602" timestamp="2026-02-27T11:34:24.834014+00:00" hostname="agent-env-ba266ea2-c3d0-4448-9c88-993f4202e3ff"><testcase classname="backend.tests.test_chat.TestCommunityChatPublicRead" name="test_community_chat_get_public_no_auth" time="0.149" /><testcase classname="backend.tests.test_chat.TestCommunityChatPublicRead" name="test_community_chat_message_structure" time="0.051" /><testcase classname="backend.tests.test_chat.TestCommunityChatAuthRequired" name="test_community_chat_post_without_auth_fails" time="0.047" /><testcase classname="backend.tests.test_chat.TestCommunityChatAuthRequired" name="test_community_chat_post_with_auth_succeeds" time="0.436" /><testcase classname="backend.tests.test_chat.TestCommunityChatAuthRequired" name="test_community_chat_message_persisted" time="0.106" /><testcase classname="backend.tests.test_chat.TestCommunityChatAuthRequired" name="test_community_chat_empty_message_rejected" time="0.055" /><testcase classname="backend.tests.test_chat.TestGroupChatAccess" name="test_group_chat_get_without_auth_fails" time="0.047" /><testcase classname="backend.tests.test_chat.TestGroupChatAccess" name="test_group_chat_post_without_auth_fails" time="0.052" /><testcase classname="backend.tests.test_chat.TestGroupChatMemberAccess" name="test_admin_can_join_group" time="0.109" /><testcase classname="backend.tests.test_chat.TestGroupChatMemberAccess" name="test_group_chat_get_as_member" time="0.059" /><testcase classname="backend.tests.test_chat.TestGroupChatMemberAccess" name="test_group_chat_post_as_member" time="0.065" /><testcase classname="backend.tests.test_chat.TestGroupChatMemberAccess" name="test_nonexistent_group_chat_returns_404" time="0.116" /><testcase classname="backend.tests.test_chat.TestGroupChatWithNewGroup" name="test_member_can_send_group_message" time="0.119" /><testcase classname="backend.tests.test_chat.TestGroupChatWithNewGroup" name="test_member_can_read_group_messages" time="0.124" /></testsuite></testsuites>